2026-02-18 15:09:55 - iqro - INFO - Inference service initialized. Device: cuda
2026-02-18 15:09:55 - iqro - INFO - Using dummy inference: True
2026-02-18 15:09:55 - iqro - INFO - TTS Service initialized. Enabled: True
2026-02-18 15:09:55 - iqro - INFO - Starting Iqro Gesture Recognition API...
2026-02-18 15:09:55 - iqro - INFO - Database initialized
2026-02-18 15:09:55 - iqro - INFO - Pre-generating TTS audio for all labels...
2026-02-18 15:09:55 - iqro - INFO - Using cached audio for: Alif
2026-02-18 15:09:55 - iqro - INFO - Using cached audio for: Ba
2026-02-18 15:09:55 - iqro - INFO - Using cached audio for: Ta
2026-02-18 15:09:55 - iqro - INFO - Using cached audio for: Tsa
2026-02-18 15:09:55 - iqro - INFO - Using cached audio for: Jim
2026-02-18 15:09:55 - iqro - INFO - Using cached audio for: bis
2026-02-18 15:09:55 - iqro - INFO - Using cached audio for: mil
2026-02-18 15:09:55 - iqro - INFO - Using cached audio for: lah
2026-02-18 15:09:55 - iqro - INFO - Using cached audio for: hir
2026-02-18 15:09:55 - iqro - INFO - Using cached audio for: rah
2026-02-18 15:09:55 - iqro - INFO - Using cached audio for: maa
2026-02-18 15:09:55 - iqro - INFO - Using cached audio for: nir
2026-02-18 15:09:55 - iqro - INFO - Using cached audio for: ra
2026-02-18 15:09:55 - iqro - INFO - Using cached audio for: hiim
2026-02-18 15:09:55 - iqro - INFO - Using cached audio for: al
2026-02-18 15:09:55 - iqro - INFO - Using cached audio for: ham
2026-02-18 15:09:55 - iqro - INFO - Using cached audio for: du
2026-02-18 15:09:55 - iqro - INFO - Using cached audio for: lil
2026-02-18 15:09:55 - iqro - INFO - Using cached audio for: rab
2026-02-18 15:09:55 - iqro - INFO - Using cached audio for: bil
2026-02-18 15:09:55 - iqro - INFO - Using cached audio for: aa
2026-02-18 15:09:55 - iqro - INFO - Using cached audio for: la
2026-02-18 15:09:55 - iqro - INFO - Using cached audio for: miin
2026-02-18 15:09:55 - iqro - INFO - Using cached audio for: ar
2026-02-18 15:09:55 - iqro - INFO - Using cached audio for: li
2026-02-18 15:09:55 - iqro - INFO - Using cached audio for: ki
2026-02-18 15:09:55 - iqro - INFO - Using cached audio for: yaw
2026-02-18 15:09:55 - iqro - INFO - Using cached audio for: mi
2026-02-18 15:09:55 - iqro - INFO - Using cached audio for: dii
2026-02-18 15:09:55 - iqro - INFO - Using cached audio for: ni
2026-02-18 15:09:55 - iqro - INFO - Using cached audio for: iy
2026-02-18 15:09:55 - iqro - INFO - Using cached audio for: yaa
2026-02-18 15:09:55 - iqro - INFO - Using cached audio for: ka
2026-02-18 15:09:55 - iqro - INFO - Using cached audio for: na
2026-02-18 15:09:55 - iqro - INFO - Using cached audio for: bu
2026-02-18 15:09:55 - iqro - INFO - Using cached audio for: wa
2026-02-18 15:09:55 - iqro - INFO - Using cached audio for: nas
2026-02-18 15:09:55 - iqro - INFO - Using cached audio for: ta
2026-02-18 15:09:55 - iqro - INFO - Using cached audio for: iin
2026-02-18 15:09:55 - iqro - INFO - Using cached audio for: ih
2026-02-18 15:09:55 - iqro - INFO - Using cached audio for: di
2026-02-18 15:09:55 - iqro - INFO - Using cached audio for: naa
2026-02-18 15:09:55 - iqro - INFO - Using cached audio for: as
2026-02-18 15:09:55 - iqro - INFO - Using cached audio for: shi
2026-02-18 15:09:55 - iqro - INFO - Using cached audio for: raa
2026-02-18 15:09:55 - iqro - INFO - Using cached audio for: tal
2026-02-18 15:09:55 - iqro - INFO - Using cached audio for: mus
2026-02-18 15:09:55 - iqro - INFO - Using cached audio for: qiim
2026-02-18 15:09:55 - iqro - INFO - Using cached audio for: dhi
2026-02-18 15:09:55 - iqro - INFO - Using cached audio for: an
2026-02-18 15:09:55 - iqro - INFO - Using cached audio for: am
2026-02-18 15:09:55 - iqro - INFO - Using cached audio for: a
2026-02-18 15:09:55 - iqro - INFO - Using cached audio for: lai
2026-02-18 15:09:55 - iqro - INFO - Using cached audio for: him
2026-02-18 15:09:55 - iqro - INFO - Using cached audio for: ghai
2026-02-18 15:09:55 - iqro - INFO - Using cached audio for: ril
2026-02-18 15:09:55 - iqro - INFO - Using cached audio for: magh
2026-02-18 15:09:55 - iqro - INFO - Using cached audio for: duu
2026-02-18 15:09:55 - iqro - INFO - Using cached audio for: bi
2026-02-18 15:09:55 - iqro - INFO - Using cached audio for: lad
2026-02-18 15:09:55 - iqro - INFO - Using cached audio for: dhaal
2026-02-18 15:09:55 - iqro - INFO - Using cached audio for: liin
2026-02-18 15:09:55 - iqro - INFO - TTS pre-generation complete
2026-02-18 15:09:55 - iqro - INFO - Application startup complete
2026-02-18 15:23:28 - iqro - INFO - Shutting down application...
2026-02-18 22:26:29 - iqro - INFO - Inference service initialized. Device: cuda
2026-02-18 22:26:29 - iqro - INFO - Using dummy inference: True
2026-02-18 22:26:29 - iqro - INFO - TTS Service initialized. Enabled: True
2026-02-18 22:26:29 - iqro - INFO - Starting Iqro Gesture Recognition API...
2026-02-18 22:26:29 - iqro - INFO - Database initialized
2026-02-18 22:26:29 - iqro - INFO - Pre-generating TTS audio for all labels...
2026-02-18 22:26:29 - iqro - INFO - Using cached audio for: Alif
2026-02-18 22:26:29 - iqro - INFO - Using cached audio for: Ba
2026-02-18 22:26:29 - iqro - INFO - Using cached audio for: Ta
2026-02-18 22:26:29 - iqro - INFO - Using cached audio for: Tsa
2026-02-18 22:26:29 - iqro - INFO - Using cached audio for: Jim
2026-02-18 22:26:29 - iqro - INFO - Using cached audio for: bis
2026-02-18 22:26:29 - iqro - INFO - Using cached audio for: mil
2026-02-18 22:26:29 - iqro - INFO - Using cached audio for: lah
2026-02-18 22:26:29 - iqro - INFO - Using cached audio for: hir
2026-02-18 22:26:29 - iqro - INFO - Using cached audio for: rah
2026-02-18 22:26:29 - iqro - INFO - Using cached audio for: maa
2026-02-18 22:26:29 - iqro - INFO - Using cached audio for: nir
2026-02-18 22:26:29 - iqro - INFO - Using cached audio for: ra
2026-02-18 22:26:29 - iqro - INFO - Using cached audio for: hiim
2026-02-18 22:26:29 - iqro - INFO - Using cached audio for: al
2026-02-18 22:26:29 - iqro - INFO - Using cached audio for: ham
2026-02-18 22:26:29 - iqro - INFO - Using cached audio for: du
2026-02-18 22:26:29 - iqro - INFO - Using cached audio for: lil
2026-02-18 22:26:29 - iqro - INFO - Using cached audio for: rab
2026-02-18 22:26:29 - iqro - INFO - Using cached audio for: bil
2026-02-18 22:26:29 - iqro - INFO - Using cached audio for: aa
2026-02-18 22:26:29 - iqro - INFO - Using cached audio for: la
2026-02-18 22:26:29 - iqro - INFO - Using cached audio for: miin
2026-02-18 22:26:29 - iqro - INFO - Using cached audio for: ar
2026-02-18 22:26:29 - iqro - INFO - Using cached audio for: li
2026-02-18 22:26:29 - iqro - INFO - Using cached audio for: ki
2026-02-18 22:26:29 - iqro - INFO - Using cached audio for: yaw
2026-02-18 22:26:29 - iqro - INFO - Using cached audio for: mi
2026-02-18 22:26:29 - iqro - INFO - Using cached audio for: dii
2026-02-18 22:26:29 - iqro - INFO - Using cached audio for: ni
2026-02-18 22:26:29 - iqro - INFO - Using cached audio for: iy
2026-02-18 22:26:29 - iqro - INFO - Using cached audio for: yaa
2026-02-18 22:26:29 - iqro - INFO - Using cached audio for: ka
2026-02-18 22:26:29 - iqro - INFO - Using cached audio for: na
2026-02-18 22:26:29 - iqro - INFO - Using cached audio for: bu
2026-02-18 22:26:29 - iqro - INFO - Using cached audio for: wa
2026-02-18 22:26:29 - iqro - INFO - Using cached audio for: nas
2026-02-18 22:26:29 - iqro - INFO - Using cached audio for: ta
2026-02-18 22:26:29 - iqro - INFO - Using cached audio for: iin
2026-02-18 22:26:29 - iqro - INFO - Using cached audio for: ih
2026-02-18 22:26:29 - iqro - INFO - Using cached audio for: di
2026-02-18 22:26:29 - iqro - INFO - Using cached audio for: naa
2026-02-18 22:26:29 - iqro - INFO - Using cached audio for: as
2026-02-18 22:26:29 - iqro - INFO - Using cached audio for: shi
2026-02-18 22:26:29 - iqro - INFO - Using cached audio for: raa
2026-02-18 22:26:29 - iqro - INFO - Using cached audio for: tal
2026-02-18 22:26:29 - iqro - INFO - Using cached audio for: mus
2026-02-18 22:26:29 - iqro - INFO - Using cached audio for: qiim
2026-02-18 22:26:29 - iqro - INFO - Using cached audio for: dhi
2026-02-18 22:26:29 - iqro - INFO - Using cached audio for: an
2026-02-18 22:26:29 - iqro - INFO - Using cached audio for: am
2026-02-18 22:26:29 - iqro - INFO - Using cached audio for: a
2026-02-18 22:26:29 - iqro - INFO - Using cached audio for: lai
2026-02-18 22:26:29 - iqro - INFO - Using cached audio for: him
2026-02-18 22:26:29 - iqro - INFO - Using cached audio for: ghai
2026-02-18 22:26:29 - iqro - INFO - Using cached audio for: ril
2026-02-18 22:26:29 - iqro - INFO - Using cached audio for: magh
2026-02-18 22:26:29 - iqro - INFO - Using cached audio for: duu
2026-02-18 22:26:29 - iqro - INFO - Using cached audio for: bi
2026-02-18 22:26:29 - iqro - INFO - Using cached audio for: lad
2026-02-18 22:26:29 - iqro - INFO - Using cached audio for: dhaal
2026-02-18 22:26:29 - iqro - INFO - Using cached audio for: liin
2026-02-18 22:26:29 - iqro - INFO - TTS pre-generation complete
2026-02-18 22:26:29 - iqro - INFO - Application startup complete
2026-02-18 22:30:16 - iqro - INFO - Shutting down application...
2026-02-18 22:56:00 - iqro - INFO - Inference service initialized. Device: cuda
2026-02-18 22:56:00 - iqro - INFO - Using dummy inference: True
2026-02-18 22:56:00 - iqro - INFO - TTS Service initialized. Enabled: True
2026-02-18 22:56:00 - iqro - INFO - Starting Iqro Gesture Recognition API...
2026-02-18 22:56:00 - iqro - INFO - Database initialized
2026-02-18 22:56:00 - iqro - INFO - Pre-generating TTS audio for all labels...
2026-02-18 22:56:00 - iqro - INFO - Using cached audio for: Alif
2026-02-18 22:56:00 - iqro - INFO - Using cached audio for: Ba
2026-02-18 22:56:00 - iqro - INFO - Using cached audio for: Ta
2026-02-18 22:56:00 - iqro - INFO - Using cached audio for: Tsa
2026-02-18 22:56:00 - iqro - INFO - Using cached audio for: Jim
2026-02-18 22:56:00 - iqro - INFO - Using cached audio for: bis
2026-02-18 22:56:00 - iqro - INFO - Using cached audio for: mil
2026-02-18 22:56:00 - iqro - INFO - Using cached audio for: lah
2026-02-18 22:56:00 - iqro - INFO - Using cached audio for: hir
2026-02-18 22:56:00 - iqro - INFO - Using cached audio for: rah
2026-02-18 22:56:00 - iqro - INFO - Using cached audio for: maa
2026-02-18 22:56:00 - iqro - INFO - Using cached audio for: nir
2026-02-18 22:56:00 - iqro - INFO - Using cached audio for: ra
2026-02-18 22:56:00 - iqro - INFO - Using cached audio for: hiim
2026-02-18 22:56:00 - iqro - INFO - Using cached audio for: al
2026-02-18 22:56:00 - iqro - INFO - Using cached audio for: ham
2026-02-18 22:56:00 - iqro - INFO - Using cached audio for: du
2026-02-18 22:56:00 - iqro - INFO - Using cached audio for: lil
2026-02-18 22:56:00 - iqro - INFO - Using cached audio for: rab
2026-02-18 22:56:00 - iqro - INFO - Using cached audio for: bil
2026-02-18 22:56:00 - iqro - INFO - Using cached audio for: aa
2026-02-18 22:56:00 - iqro - INFO - Using cached audio for: la
2026-02-18 22:56:00 - iqro - INFO - Using cached audio for: miin
2026-02-18 22:56:00 - iqro - INFO - Using cached audio for: ar
2026-02-18 22:56:00 - iqro - INFO - Using cached audio for: li
2026-02-18 22:56:00 - iqro - INFO - Using cached audio for: ki
2026-02-18 22:56:00 - iqro - INFO - Using cached audio for: yaw
2026-02-18 22:56:00 - iqro - INFO - Using cached audio for: mi
2026-02-18 22:56:00 - iqro - INFO - Using cached audio for: dii
2026-02-18 22:56:00 - iqro - INFO - Using cached audio for: ni
2026-02-18 22:56:00 - iqro - INFO - Using cached audio for: iy
2026-02-18 22:56:00 - iqro - INFO - Using cached audio for: yaa
2026-02-18 22:56:00 - iqro - INFO - Using cached audio for: ka
2026-02-18 22:56:00 - iqro - INFO - Using cached audio for: na
2026-02-18 22:56:00 - iqro - INFO - Using cached audio for: bu
2026-02-18 22:56:00 - iqro - INFO - Using cached audio for: wa
2026-02-18 22:56:00 - iqro - INFO - Using cached audio for: nas
2026-02-18 22:56:00 - iqro - INFO - Using cached audio for: ta
2026-02-18 22:56:00 - iqro - INFO - Using cached audio for: iin
2026-02-18 22:56:00 - iqro - INFO - Using cached audio for: ih
2026-02-18 22:56:00 - iqro - INFO - Using cached audio for: di
2026-02-18 22:56:00 - iqro - INFO - Using cached audio for: naa
2026-02-18 22:56:00 - iqro - INFO - Using cached audio for: as
2026-02-18 22:56:00 - iqro - INFO - Using cached audio for: shi
2026-02-18 22:56:00 - iqro - INFO - Using cached audio for: raa
2026-02-18 22:56:00 - iqro - INFO - Using cached audio for: tal
2026-02-18 22:56:00 - iqro - INFO - Using cached audio for: mus
2026-02-18 22:56:00 - iqro - INFO - Using cached audio for: qiim
2026-02-18 22:56:00 - iqro - INFO - Using cached audio for: dhi
2026-02-18 22:56:00 - iqro - INFO - Using cached audio for: an
2026-02-18 22:56:00 - iqro - INFO - Using cached audio for: am
2026-02-18 22:56:00 - iqro - INFO - Using cached audio for: a
2026-02-18 22:56:00 - iqro - INFO - Using cached audio for: lai
2026-02-18 22:56:00 - iqro - INFO - Using cached audio for: him
2026-02-18 22:56:00 - iqro - INFO - Using cached audio for: ghai
2026-02-18 22:56:00 - iqro - INFO - Using cached audio for: ril
2026-02-18 22:56:00 - iqro - INFO - Using cached audio for: magh
2026-02-18 22:56:00 - iqro - INFO - Using cached audio for: duu
2026-02-18 22:56:00 - iqro - INFO - Using cached audio for: bi
2026-02-18 22:56:00 - iqro - INFO - Using cached audio for: lad
2026-02-18 22:56:00 - iqro - INFO - Using cached audio for: dhaal
2026-02-18 22:56:00 - iqro - INFO - Using cached audio for: liin
2026-02-18 22:56:00 - iqro - INFO - TTS pre-generation complete
2026-02-18 22:56:00 - iqro - INFO - Application startup complete
2026-02-18 22:56:28 - iqro - INFO - Shutting down application...
2026-02-18 22:56:31 - iqro - INFO - Inference service initialized. Device: cuda
2026-02-18 22:56:31 - iqro - INFO - Using dummy inference: True
2026-02-18 22:56:31 - iqro - INFO - TTS Service initialized. Enabled: True
2026-02-18 22:56:31 - iqro - INFO - Starting Iqro Gesture Recognition API...
2026-02-18 22:56:31 - iqro - INFO - Database initialized
2026-02-18 22:56:31 - iqro - INFO - Pre-generating TTS audio for all labels...
2026-02-18 22:56:31 - iqro - INFO - Using cached audio for: Alif
2026-02-18 22:56:31 - iqro - INFO - Using cached audio for: Ba
2026-02-18 22:56:31 - iqro - INFO - Using cached audio for: Ta
2026-02-18 22:56:31 - iqro - INFO - Using cached audio for: Tsa
2026-02-18 22:56:31 - iqro - INFO - Using cached audio for: Jim
2026-02-18 22:56:31 - iqro - INFO - Using cached audio for: bis
2026-02-18 22:56:31 - iqro - INFO - Using cached audio for: mil
2026-02-18 22:56:31 - iqro - INFO - Using cached audio for: lah
2026-02-18 22:56:31 - iqro - INFO - Using cached audio for: hir
2026-02-18 22:56:31 - iqro - INFO - Using cached audio for: rah
2026-02-18 22:56:31 - iqro - INFO - Using cached audio for: maa
2026-02-18 22:56:31 - iqro - INFO - Using cached audio for: nir
2026-02-18 22:56:31 - iqro - INFO - Using cached audio for: ra
2026-02-18 22:56:31 - iqro - INFO - Using cached audio for: hiim
2026-02-18 22:56:31 - iqro - INFO - Using cached audio for: al
2026-02-18 22:56:31 - iqro - INFO - Using cached audio for: ham
2026-02-18 22:56:31 - iqro - INFO - Using cached audio for: du
2026-02-18 22:56:31 - iqro - INFO - Using cached audio for: lil
2026-02-18 22:56:31 - iqro - INFO - Using cached audio for: rab
2026-02-18 22:56:31 - iqro - INFO - Using cached audio for: bil
2026-02-18 22:56:31 - iqro - INFO - Using cached audio for: aa
2026-02-18 22:56:31 - iqro - INFO - Using cached audio for: la
2026-02-18 22:56:31 - iqro - INFO - Using cached audio for: miin
2026-02-18 22:56:31 - iqro - INFO - Using cached audio for: ar
2026-02-18 22:56:31 - iqro - INFO - Using cached audio for: li
2026-02-18 22:56:31 - iqro - INFO - Using cached audio for: ki
2026-02-18 22:56:31 - iqro - INFO - Using cached audio for: yaw
2026-02-18 22:56:31 - iqro - INFO - Using cached audio for: mi
2026-02-18 22:56:31 - iqro - INFO - Using cached audio for: dii
2026-02-18 22:56:31 - iqro - INFO - Using cached audio for: ni
2026-02-18 22:56:31 - iqro - INFO - Using cached audio for: iy
2026-02-18 22:56:31 - iqro - INFO - Using cached audio for: yaa
2026-02-18 22:56:31 - iqro - INFO - Using cached audio for: ka
2026-02-18 22:56:31 - iqro - INFO - Using cached audio for: na
2026-02-18 22:56:31 - iqro - INFO - Using cached audio for: bu
2026-02-18 22:56:31 - iqro - INFO - Using cached audio for: wa
2026-02-18 22:56:31 - iqro - INFO - Using cached audio for: nas
2026-02-18 22:56:31 - iqro - INFO - Using cached audio for: ta
2026-02-18 22:56:31 - iqro - INFO - Using cached audio for: iin
2026-02-18 22:56:31 - iqro - INFO - Using cached audio for: ih
2026-02-18 22:56:31 - iqro - INFO - Using cached audio for: di
2026-02-18 22:56:31 - iqro - INFO - Using cached audio for: naa
2026-02-18 22:56:31 - iqro - INFO - Using cached audio for: as
2026-02-18 22:56:31 - iqro - INFO - Using cached audio for: shi
2026-02-18 22:56:31 - iqro - INFO - Using cached audio for: raa
2026-02-18 22:56:31 - iqro - INFO - Using cached audio for: tal
2026-02-18 22:56:31 - iqro - INFO - Using cached audio for: mus
2026-02-18 22:56:31 - iqro - INFO - Using cached audio for: qiim
2026-02-18 22:56:31 - iqro - INFO - Using cached audio for: dhi
2026-02-18 22:56:31 - iqro - INFO - Using cached audio for: an
2026-02-18 22:56:31 - iqro - INFO - Using cached audio for: am
2026-02-18 22:56:31 - iqro - INFO - Using cached audio for: a
2026-02-18 22:56:31 - iqro - INFO - Using cached audio for: lai
2026-02-18 22:56:31 - iqro - INFO - Using cached audio for: him
2026-02-18 22:56:31 - iqro - INFO - Using cached audio for: ghai
2026-02-18 22:56:31 - iqro - INFO - Using cached audio for: ril
2026-02-18 22:56:31 - iqro - INFO - Using cached audio for: magh
2026-02-18 22:56:31 - iqro - INFO - Using cached audio for: duu
2026-02-18 22:56:31 - iqro - INFO - Using cached audio for: bi
2026-02-18 22:56:31 - iqro - INFO - Using cached audio for: lad
2026-02-18 22:56:31 - iqro - INFO - Using cached audio for: dhaal
2026-02-18 22:56:31 - iqro - INFO - Using cached audio for: liin
2026-02-18 22:56:31 - iqro - INFO - TTS pre-generation complete
2026-02-18 22:56:31 - iqro - INFO - Application startup complete
2026-02-18 23:13:00 - iqro - INFO - Shutting down application...
